root - WARNING - {'status': 'success', 'country': 'Spain', 'countryCode': 'ES', 'region': 'GA', 'regionName': 'Galicia', 'city': 'Oroso', 'zip': '32213', 'lat': 42.2089, 'lon': -8.1921, 'timezone': 'Europe/Madrid', 'isp': 'Ono', 'org': 'ONO, MADRID - BASAURI, , Spain', 'as': 'AS12430 VODAFONE ESPANA S.A.U.', 'query': '62.83.150.17'}
root - WARNING - 127.0.0.1
django.request - WARNING - Not Found: /geoip/dashboard.js
django.request - WARNING - Not Found: /geoip/dashboard.css
django.request - WARNING - Not Found: /docs/5.1/dist/js/bootstrap.bundle.min.js
django.request - WARNING - Not Found: /geoip/dashboard.js
django.request - WARNING - Not Found: /dashboard.css
django.request - WARNING - Not Found: /docs/5.1/dist/js/bootstrap.bundle.min.js
django.request - WARNING - Not Found: /dashboard.js
django.request - WARNING - Not Found: /docs/5.1/dist/js/bootstrap.bundle.min.js
django.request - WARNING - Not Found: /dashboard.js
django.request - WARNING - Not Found: /dashboard.css
django.request - WARNING - Not Found: /docs/5.1/dist/js/bootstrap.bundle.min.js
django.request - WARNING - Not Found: /dashboard.js
django.request - WARNING - Not Found: /docs/5.1/dist/js/bootstrap.bundle.min.js
django.request - WARNING - Not Found: /dashboard.js
django.request - WARNING - Not Found: /dashboard.css
django.request - WARNING - Not Found: /docs/5.1/dist/js/bootstrap.bundle.min.js
django.request - WARNING - Not Found: /dashboard.js
django.request - WARNING - Not Found: /docs/5.1/dist/js/bootstrap.bundle.min.js
django.request - WARNING - Not Found: /dashboard.js
django.request - WARNING - Not Found: /dashboard.css
django.request - WARNING - Not Found: /docs/5.1/dist/js/bootstrap.bundle.min.js
django.request - WARNING - Not Found: /dashboard.js
django.request - WARNING - Not Found: /docs/5.1/dist/js/bootstrap.bundle.min.js
django.request - WARNING - Not Found: /dashboard.js
django.request - WARNING - Not Found: /dashboard.js
django.request - WARNING - Not Found: /docs/5.1/dist/js/bootstrap.bundle.min.js
django.request - WARNING - Not Found: /dashboard.css
django.request - WARNING - Not Found: /docs/5.1/dist/js/bootstrap.bundle.min.js
django.request - WARNING - Not Found: /dashboard.js
django.request - WARNING - Not Found: /dashboard.css
django.request - WARNING - Not Found: /docs/5.1/dist/js/bootstrap.bundle.min.js
django.request - WARNING - Not Found: /dashboard.js
django.request - WARNING - Not Found: /docs/5.1/dist/js/bootstrap.bundle.min.js
django.request - WARNING - Not Found: /dashboard.js
django.request - WARNING - Not Found: /dashboard.css
django.request - WARNING - Not Found: /dashboard.js
django.request - WARNING - Not Found: /docs/5.1/dist/js/bootstrap.bundle.min.js
django.request - WARNING - Not Found: /docs/5.1/dist/js/bootstrap.bundle.min.js
django.request - WARNING - Not Found: /dashboard.js
django.request - WARNING - Not Found: /dashboard.js
django.request - WARNING - Not Found: /docs/5.1/dist/js/bootstrap.bundle.min.js
django.request - WARNING - Not Found: /dashboard.css
django.request - WARNING - Not Found: /docs/5.1/dist/js/bootstrap.bundle.min.js
django.request - WARNING - Not Found: /dashboard.js
django.request - WARNING - Not Found: /dashboard.css
django.request - WARNING - Not Found: /docs/5.1/dist/js/bootstrap.bundle.min.js
django.request - WARNING - Not Found: /dashboard.js
django.request - WARNING - Not Found: /docs/5.1/dist/js/bootstrap.bundle.min.js
django.request - WARNING - Not Found: /dashboard.js
django.request - WARNING - Not Found: /docs/5.1/dist/js/bootstrap.bundle.min.js
django.request - WARNING - Not Found: /dashboard.js
django.request - WARNING - Not Found: /dashboard.css
django.request - WARNING - Not Found: /docs/5.1/dist/js/bootstrap.bundle.min.js
django.request - WARNING - Not Found: /dashboard.js
django.request - WARNING - Not Found: /dashboard.css
django.request - WARNING - Not Found: /docs/5.1/dist/js/bootstrap.bundle.min.js
django.request - WARNING - Not Found: /dashboard.js
django.request - WARNING - Not Found: /docs/5.1/dist/js/bootstrap.bundle.min.js
django.request - WARNING - Not Found: /dashboard.js
django.request - WARNING - Not Found: /docs/5.1/dist/js/bootstrap.bundle.min.js
django.request - WARNING - Not Found: /dashboard.js
django.request - WARNING - Not Found: /dashboard.css
django.request - WARNING - Not Found: /dashboard.css
django.request - WARNING - Not Found: /docs/5.1/dist/js/bootstrap.bundle.min.js
django.request - WARNING - Not Found: /dashboard.js
django.request - WARNING - Not Found: /docs/5.1/assets/img/favicons/favicon-16x16.png
django.request - WARNING - Not Found: /docs/5.1/assets/img/favicons/apple-touch-icon.png
django.request - WARNING - Not Found: /dashboard.css
django.request - WARNING - Not Found: /docs/5.1/dist/js/bootstrap.bundle.min.js
django.request - WARNING - Not Found: /dashboard.js
django.request - WARNING - Not Found: /dashboard.css
django.request - WARNING - Not Found: /docs/5.1/dist/js/bootstrap.bundle.min.js
django.request - WARNING - Not Found: /dashboard.js
django.request - WARNING - Not Found: /docs/5.1/assets/img/favicons/apple-touch-icon.png
django.request - WARNING - Not Found: /docs/5.1/assets/img/favicons/favicon-16x16.png
django.request - WARNING - Not Found: /dashboard.css
django.request - WARNING - Not Found: /docs/5.1/dist/js/bootstrap.bundle.min.js
django.request - WARNING - Not Found: /dashboard.js
django.request - WARNING - Not Found: /dashboard.css
django.request - WARNING - Not Found: /docs/5.1/dist/js/bootstrap.bundle.min.js
django.request - WARNING - Not Found: /dashboard.js
django.request - WARNING - Not Found: /docs/5.1/assets/img/favicons/favicon-16x16.png
django.request - WARNING - Not Found: /docs/5.1/assets/img/favicons/apple-touch-icon.png
django.request - WARNING - Not Found: /dashboard.css
django.request - WARNING - Not Found: /docs/5.1/dist/js/bootstrap.bundle.min.js
django.request - WARNING - Not Found: /dashboard.js
django.request - WARNING - Not Found: /dashboard.css
django.request - WARNING - Not Found: /docs/5.1/dist/js/bootstrap.bundle.min.js
django.request - WARNING - Not Found: /dashboard.js
django.request - WARNING - Not Found: /docs/5.1/assets/img/favicons/favicon-16x16.png
django.request - WARNING - Not Found: /docs/5.1/assets/img/favicons/apple-touch-icon.png
django.request - WARNING - Not Found: /dashboard.css
django.request - WARNING - Not Found: /docs/5.1/dist/js/bootstrap.bundle.min.js
django.request - WARNING - Not Found: /dashboard.js
django.request - WARNING - Not Found: /dashboard.css
django.request - WARNING - Not Found: /docs/5.1/dist/js/bootstrap.bundle.min.js
django.request - WARNING - Not Found: /dashboard.js
django.request - WARNING - Not Found: /docs/5.1/assets/img/favicons/apple-touch-icon.png
django.request - WARNING - Not Found: /docs/5.1/assets/img/favicons/favicon-16x16.png
django.request - WARNING - Not Found: /devices/dashboard.css
django.request - WARNING - Not Found: /docs/5.1/dist/js/bootstrap.bundle.min.js
django.request - WARNING - Not Found: /devices/dashboard.js
django.request - WARNING - Not Found: /docs/5.1/dist/js/bootstrap.bundle.min.js
django.request - WARNING - Not Found: /devices/dashboard.js
django.request - WARNING - Not Found: /docs/5.1/assets/img/favicons/favicon-16x16.png
django.request - WARNING - Not Found: /docs/5.1/assets/img/favicons/apple-touch-icon.png
django.request - WARNING - Not Found: /favicon.ico
django.request - WARNING - Not Found: /dashboard.css
django.request - WARNING - Not Found: /docs/5.1/dist/js/bootstrap.bundle.min.js
django.request - WARNING - Not Found: /dashboard.js
django.request - WARNING - Not Found: /docs/5.1/dist/js/bootstrap.bundle.min.js
django.request - WARNING - Not Found: /dashboard.js
django.request - WARNING - Not Found: /docs/5.1/assets/img/favicons/favicon-16x16.png
django.request - WARNING - Not Found: /docs/5.1/assets/img/favicons/apple-touch-icon.png
django.request - WARNING - Not Found: /devices/dashboard.css
django.request - WARNING - Not Found: /docs/5.1/dist/js/bootstrap.bundle.min.js
django.request - WARNING - Not Found: /devices/dashboard.js
django.request - WARNING - Not Found: /docs/5.1/dist/js/bootstrap.bundle.min.js
django.request - WARNING - Not Found: /devices/dashboard.js
django.request - WARNING - Not Found: /docs/5.1/dist/js/bootstrap.bundle.min.js
django.request - WARNING - Not Found: /dashboard.js
django.request - WARNING - Not Found: /dashboard.css
django.request - WARNING - Not Found: /docs/5.1/dist/js/bootstrap.bundle.min.js
django.request - WARNING - Not Found: /dashboard.js
root - WARNING - {'status': 'success', 'country': 'Spain', 'countryCode': 'ES', 'region': 'GA', 'regionName': 'Galicia', 'city': 'Oroso', 'zip': '32213', 'lat': 42.2089, 'lon': -8.1921, 'timezone': 'Europe/Madrid', 'isp': 'Ono', 'org': 'ONO, MADRID - BASAURI, , Spain', 'as': 'AS12430 VODAFONE ESPANA S.A.U.', 'query': '62.83.150.17'}
root - WARNING - 127.0.0.1
django.request - WARNING - Not Found: /geoip/dashboard.css
django.request - WARNING - Not Found: /docs/5.1/dist/js/bootstrap.bundle.min.js
django.request - WARNING - Not Found: /geoip/dashboard.js
django.request - WARNING - Not Found: /docs/5.1/dist/js/bootstrap.bundle.min.js
django.request - WARNING - Not Found: /geoip/dashboard.js
root - WARNING - {'status': 'success', 'country': 'Spain', 'countryCode': 'ES', 'region': 'GA', 'regionName': 'Galicia', 'city': 'Oroso', 'zip': '32213', 'lat': 42.2089, 'lon': -8.1921, 'timezone': 'Europe/Madrid', 'isp': 'Ono', 'org': 'ONO, MADRID - BASAURI, , Spain', 'as': 'AS12430 VODAFONE ESPANA S.A.U.', 'query': '62.83.150.17'}
root - WARNING - 127.0.0.1
django.request - WARNING - Not Found: /geoip/dashboard.css
django.request - WARNING - Not Found: /geoip/dashboard.js
django.request - WARNING - Not Found: /docs/5.1/dist/js/bootstrap.bundle.min.js
django.request - WARNING - Not Found: /geoip/dashboard.css
django.request - WARNING - Not Found: /docs/5.1/dist/js/bootstrap.bundle.min.js
django.request - WARNING - Not Found: /geoip/dashboard.js
django.request - WARNING - Not Found: /dashboard.css
django.request - WARNING - Not Found: /docs/5.1/dist/js/bootstrap.bundle.min.js
django.request - WARNING - Not Found: /dashboard.js
django.request - WARNING - Not Found: /docs/5.1/dist/js/bootstrap.bundle.min.js
django.request - WARNING - Not Found: /dashboard.js
root - WARNING - {'status': 'success', 'country': 'Spain', 'countryCode': 'ES', 'region': 'GA', 'regionName': 'Galicia', 'city': 'Oroso', 'zip': '32213', 'lat': 42.2089, 'lon': -8.1921, 'timezone': 'Europe/Madrid', 'isp': 'Ono', 'org': 'ONO, MADRID - BASAURI, , Spain', 'as': 'AS12430 VODAFONE ESPANA S.A.U.', 'query': '62.83.150.17'}
root - WARNING - 127.0.0.1
django.request - WARNING - Not Found: /docs/5.1/dist/js/bootstrap.bundle.min.js
django.request - WARNING - Not Found: /geoip/dashboard.css
django.request - WARNING - Not Found: /geoip/dashboard.js
django.request - WARNING - Not Found: /docs/5.1/dist/js/bootstrap.bundle.min.js
django.request - WARNING - Not Found: /geoip/dashboard.js
django.request - WARNING - Not Found: /dashboard.css
django.request - WARNING - Not Found: /dashboard.js
django.request - WARNING - Not Found: /docs/5.1/dist/js/bootstrap.bundle.min.js
django.request - WARNING - Not Found: /docs/5.1/dist/js/bootstrap.bundle.min.js
django.request - WARNING - Not Found: /dashboard.js
django.request - WARNING - Not Found: /dashboard.css
django.request - WARNING - Not Found: /docs/5.1/dist/js/bootstrap.bundle.min.js
django.request - WARNING - Not Found: /dashboard.js
django.request - WARNING - Not Found: /docs/5.1/dist/js/bootstrap.bundle.min.js
django.request - WARNING - Not Found: /dashboard.js
django.request - WARNING - Not Found: /docs/5.1/dist/js/bootstrap.bundle.min.js
django.request - WARNING - Not Found: /dashboard.css
django.request - WARNING - Not Found: /dashboard.js
django.request - WARNING - Not Found: /dashboard.css
django.request - WARNING - Not Found: /docs/5.1/dist/js/bootstrap.bundle.min.js
django.request - WARNING - Not Found: /dashboard.js
django.request - WARNING - Not Found: /dashboard.js
django.request - WARNING - Not Found: /docs/5.1/dist/js/bootstrap.bundle.min.js
django.request - WARNING - Not Found: /dashboard.css
django.request - WARNING - Not Found: /dashboard.css
django.request - WARNING - Not Found: /docs/5.1/dist/js/bootstrap.bundle.min.js
django.request - WARNING - Not Found: /dashboard.js
django.request - WARNING - Not Found: /docs/5.1/dist/js/bootstrap.bundle.min.js
django.request - WARNING - Not Found: /dashboard.js
django.request - WARNING - Not Found: /dashboard.css
django.request - WARNING - Not Found: /dashboard.css
django.request - WARNING - Not Found: /docs/5.1/dist/js/bootstrap.bundle.min.js
django.request - WARNING - Not Found: /dashboard.js
django.request - WARNING - Not Found: /dashboard.css
django.request - WARNING - Not Found: /docs/5.1/dist/js/bootstrap.bundle.min.js
django.request - WARNING - Not Found: /dashboard.css
django.request - WARNING - Not Found: /docs/5.1/dist/js/bootstrap.bundle.min.js
